<?xml version="1.0" encoding="UTF-8"?>
<!-- Generated by org.testng.reporters.JUnitReportReporter -->
<testsuite hostname="DESKTOP-EGG68CQ" failures="0" tests="2" name="passionate.TestClassHeader" time="113.806" errors="0" timestamp="2022-03-11T00:24:21 IST" skipped="0">
  <testcase classname="passionate.TestClassHeader" name="verifyRetrunsAndOrdersTab" time="55.225"/>
  <system-out/>
  <testcase classname="passionate.TestClassHeader" name="verifyRetrunsAndOrdersTab" time="58.581"/>
  <system-out/>
</testsuite> <!-- passionate.TestClassHeader -->
