<?xml version="1.0" encoding="UTF-8"?>
<!-- Generated by org.testng.reporters.JUnitReportReporter -->
<testsuite hostname="DESKTOP-EGG68CQ" failures="0" tests="1" name="passionate.TestClassMobileRecharge" time="39.856" errors="0" timestamp="2022-03-11T00:30:17 IST" skipped="0">
  <testcase classname="passionate.TestClassMobileRecharge" name="verifyPayButton" time="39.856"/>
  <system-out/>
</testsuite> <!-- passionate.TestClassMobileRecharge -->
